<?xml version="1.0" encoding="utf-8"?><testsuites name="pytest tests"><testsuite name="pytest" errors="0" failures="0" skipped="0" tests="21" time="9.354" timestamp="2026-04-02T21:20:45.289381+00:00" hostname="agent-env-254c2e9a-47e0-4f45-8f16-aff59fe0df78"><testcase classname="tests.test_jewellers_api.TestHealthAndPublicAPIs" name="test_api_root" time="0.285" /><testcase classname="tests.test_jewellers_api.TestHealthAndPublicAPIs" name="test_gold_rates" time="0.163" /><testcase classname="tests.test_jewellers_api.TestHealthAndPublicAPIs" name="test_public_settings" time="0.147" /><testcase classname="tests.test_jewellers_api.TestHealthAndPublicAPIs" name="test_categories_list" time="0.142" /><testcase classname="tests.test_jewellers_api.TestHealthAndPublicAPIs" name="test_products_list" time="0.103" /><testcase classname="tests.test_jewellers_api.TestAdminAuthentication" name="test_admin_login_success" time="0.424" /><testcase classname="tests.test_jewellers_api.TestAdminAuthentication" name="test_admin_login_invalid_credentials" time="0.109" /><testcase classname="tests.test_jewellers_api.TestAdminAuthentication" name="test_admin_me_with_token" time="0.533" /><testcase classname="tests.test_jewellers_api.TestAdminAuthentication" name="test_admin_me_without_token" time="0.184" /><testcase classname="tests.test_jewellers_api.TestAdminCategories" name="test_create_category" time="0.462" /><testcase classname="tests.test_jewellers_api.TestAdminCategories" name="test_get_categories_after_create" time="0.554" /><testcase classname="tests.test_jewellers_api.TestAdminProducts" name="test_create_product_with_all_fields" time="0.774" /><testcase classname="tests.test_jewellers_api.TestAdminProducts" name="test_get_products_by_category" time="0.775" /><testcase classname="tests.test_jewellers_api.TestAdminProducts" name="test_update_product" time="0.900" /><testcase classname="tests.test_jewellers_api.TestAdminProducts" name="test_delete_product" time="0.705" /><testcase classname="tests.test_jewellers_api.TestCollectionsFiltering" name="test_products_have_weight_and_purity" time="1.015" /><testcase classname="tests.test_jewellers_api.TestCustomOrders" name="test_submit_custom_order" time="0.113" /><testcase classname="tests.test_jewellers_api.TestCustomOrders" name="test_admin_get_custom_orders" time="0.626" /><testcase classname="tests.test_jewellers_api.TestCustomOrders" name="test_admin_update_custom_order_status" time="0.728" /><testcase classname="tests.test_jewellers_api.TestPriceCalculator" name="test_calculate_price" time="0.095" /><testcase classname="tests.test_jewellers_api.TestAdminDashboard" name="test_dashboard_stats" time="0.443" /></testsuite></testsuites>